Detecting C compiler ABI info failed to compile with the following output:
Change Dir: /Users/alejandroherrera/Desktop/PittyFrontend/android/app/.cxx/Debug/3y124m1b/armeabi-v7a/CMakeFiles/CMakeTmp

Run Build Command(s):/Users/alejandroherrera/Library/Android/sdk/cmake/3.22.1/bin/ninja cmTC_90eef && [1/2] Building C object CMakeFiles/cmTC_90eef.dir/CMakeCCompilerABI.c.o
Android (11349228, +pgo, +bolt, +lto, -mlgo, based on r487747e) clang version 17.0.2 (https://android.googlesource.com/toolchain/llvm-project d9f89f4d16663d5012e5c09495f3b30ece3d2362)
Target: armv7-none-linux-android21
Thread model: posix
InstalledDir: /Users/alejandroherrera/Library/Android/sdk/ndk/26.3.11579264/toolchains/llvm/prebuilt/darwin-x86_64/bin
 (in-process)
 "/Users/alejandroherrera/Library/Android/sdk/ndk/26.3.11579264/toolchains/llvm/prebuilt/darwin-x86_64/bin/clang" -cc1 -triple thumbv7-none-linux-android21 -emit-obj -mrelax-all -disable-free -clear-ast-before-backend -disable-llvm-verifier -discard-value-names -main-file-name CMakeCCompilerABI.c -mrelocation-model pic -pic-level 2 -pic-is-pie -mframe-pointer=all -ffp-contract=on -fno-rounding-math -mconstructor-aliases -funwind-tables=1 -target-cpu generic -target-feature +soft-float-abi -target-feature +vfp2 -target-feature +vfp2sp -target-feature +vfp3 -target-feature +vfp3d16 -target-feature +vfp3d16sp -target-feature +vfp3sp -target-feature -fp16 -target-feature -vfp4 -target-feature -vfp4d16 -target-feature -vfp4d16sp -target-feature -vfp4sp -target-feature -fp-armv8 -target-feature -fp-armv8d16 -target-feature -fp-armv8d16sp -target-feature -fp-armv8sp -target-feature -fullfp16 -target-feature +fp64 -target-feature +d32 -target-feature +neon -target-feature -sha2 -target-feature -aes -target-feature -fp16fml -target-abi aapcs-linux -mfloat-abi soft -mllvm -treat-scalable-fixed-error-as-warning -debug-info-kind=constructor -dwarf-version=4 -debugger-tuning=gdb -v -ffunction-sections -fdata-sections -fcoverage-compilation-dir=/Users/alejandroherrera/Desktop/PittyFrontend/android/app/.cxx/Debug/3y124m1b/armeabi-v7a/CMakeFiles/CMakeTmp -resource-dir /Users/alejandroherrera/Library/Android/sdk/ndk/26.3.11579264/toolchains/llvm/prebuilt/darwin-x86_64/lib/clang/17 -dependency-file CMakeFiles/cmTC_90eef.dir/CMakeCCompilerABI.c.o.d -MT CMakeFiles/cmTC_90eef.dir/CMakeCCompilerABI.c.o -sys-header-deps -D ANDROID -D _FORTIFY_SOURCE=2 -isysroot /Users/alejandroherrera/Library/Android/sdk/ndk/26.3.11579264/toolchains/llvm/prebuilt/darwin-x86_64/sysroot -internal-isystem /Users/alejandroherrera/Library/Android/sdk/ndk/26.3.11579264/toolchains/llvm/prebuilt/darwin-x86_64/lib/clang/17/include -internal-isystem /Users/alejandroherrera/Library/Android/sdk/ndk/26.3.11579264/toolchains/llvm/prebuilt/darwin-x86_64/sysroot/usr/local/include -internal-externc-isystem /Users/alejandroherrera/Library/Android/sdk/ndk/26.3.11579264/toolchains/llvm/prebuilt/darwin-x86_64/sysroot/usr/include/arm-linux-androideabi -internal-externc-isystem /Users/alejandroherrera/Library/Android/sdk/ndk/26.3.11579264/toolchains/llvm/prebuilt/darwin-x86_64/sysroot/include -internal-externc-isystem /Users/alejandroherrera/Library/Android/sdk/ndk/26.3.11579264/toolchains/llvm/prebuilt/darwin-x86_64/sysroot/usr/include -Wformat -fdebug-compilation-dir=/Users/alejandroherrera/Desktop/PittyFrontend/android/app/.cxx/Debug/3y124m1b/armeabi-v7a/CMakeFiles/CMakeTmp -ferror-limit 19 -stack-protector 2 -fno-signed-char -fgnuc-version=4.2.1 -D__GCC_HAVE_DWARF2_CFI_ASM=1 -o CMakeFiles/cmTC_90eef.dir/CMakeCCompilerABI.c.o -x c /Users/alejandroherrera/Library/Android/sdk/cmake/3.22.1/share/cmake-3.22/Modules/CMakeCCompilerABI.c
clang -cc1 version 17.0.2 based upon LLVM 17.0.2 default target x86_64-apple-darwin24.2.0
ignoring nonexistent directory "/Users/alejandroherrera/Library/Android/sdk/ndk/26.3.11579264/toolchains/llvm/prebuilt/darwin-x86_64/sysroot/usr/local/include"
ignoring nonexistent directory "/Users/alejandroherrera/Library/Android/sdk/ndk/26.3.11579264/toolchains/llvm/prebuilt/darwin-x86_64/sysroot/include"
#include "..." search starts here:
#include <...> search starts here:
 /Users/alejandroherrera/Library/Android/sdk/ndk/26.3.11579264/toolchains/llvm/prebuilt/darwin-x86_64/lib/clang/17/include
 /Users/alejandroherrera/Library/Android/sdk/ndk/26.3.11579264/toolchains/llvm/prebuilt/darwin-x86_64/sysroot/usr/include/arm-linux-androideabi
 /Users/alejandroherrera/Library/Android/sdk/ndk/26.3.11579264/toolchains/llvm/prebuilt/darwin-x86_64/sysroot/usr/include
End of search list.
[2/2] Linking C executable cmTC_90eef
FAILED: cmTC_90eef 
: && /Users/alejandroherrera/Library/Android/sdk/ndk/26.3.11579264/toolchains/llvm/prebuilt/darwin-x86_64/bin/clang --target=armv7-none-linux-androideabi21 --sysroot=/Users/alejandroherrera/Library/Android/sdk/ndk/26.3.11579264/toolchains/llvm/prebuilt/darwin-x86_64/sysroot -g -DANDROID -fdata-sections -ffunction-sections -funwind-tables -fstack-protector-strong -no-canonical-prefixes -D_FORTIFY_SOURCE=2 -march=armv7-a -mthumb -Wformat -static-libstdc++ -Wl,--build-id=sha1 -Wl,--no-rosegment -Wl,--no-undefined-version -Wl,--fatal-warnings -Wl,--no-undefined -Qunused-arguments   -v CMakeFiles/cmTC_90eef.dir/CMakeCCompilerABI.c.o -o cmTC_90eef   && :
Android (11349228, +pgo, +bolt, +lto, -mlgo, based on r487747e) clang version 17.0.2 (https://android.googlesource.com/toolchain/llvm-project d9f89f4d16663d5012e5c09495f3b30ece3d2362)
Target: armv7-none-linux-android21
Thread model: posix
InstalledDir: /Users/alejandroherrera/Library/Android/sdk/ndk/26.3.11579264/toolchains/llvm/prebuilt/darwin-x86_64/bin
 "/Users/alejandroherrera/Library/Android/sdk/ndk/26.3.11579264/toolchains/llvm/prebuilt/darwin-x86_64/bin/ld.lld" --sysroot=/Users/alejandroherrera/Library/Android/sdk/ndk/26.3.11579264/toolchains/llvm/prebuilt/darwin-x86_64/sysroot -pie -EL -z now -z relro -z max-page-size=4096 -X --hash-style=both --eh-frame-hdr -m armelf_linux_eabi -dynamic-linker /system/bin/linker -o cmTC_90eef /Users/alejandroherrera/Library/Android/sdk/ndk/26.3.11579264/toolchains/llvm/prebuilt/darwin-x86_64/sysroot/usr/lib/arm-linux-androideabi/21/crtbegin_dynamic.o -L/Users/alejandroherrera/Library/Android/sdk/ndk/26.3.11579264/toolchains/llvm/prebuilt/darwin-x86_64/lib/clang/17/lib/linux/arm -L/Users/alejandroherrera/Library/Android/sdk/ndk/26.3.11579264/toolchains/llvm/prebuilt/darwin-x86_64/sysroot/usr/lib/arm-linux-androideabi/21 -L/Users/alejandroherrera/Library/Android/sdk/ndk/26.3.11579264/toolchains/llvm/prebuilt/darwin-x86_64/sysroot/usr/lib/arm-linux-androideabi -L/Users/alejandroherrera/Library/Android/sdk/ndk/26.3.11579264/toolchains/llvm/prebuilt/darwin-x86_64/sysroot/usr/lib/../lib -L/Users/alejandroherrera/Library/Android/sdk/ndk/26.3.11579264/toolchains/llvm/prebuilt/darwin-x86_64/sysroot/usr/lib --build-id=sha1 --no-rosegment --no-undefined-version --fatal-warnings --no-undefined CMakeFiles/cmTC_90eef.dir/CMakeCCompilerABI.c.o /Users/alejandroherrera/Library/Android/sdk/ndk/26.3.11579264/toolchains/llvm/prebuilt/darwin-x86_64/lib/clang/17/lib/linux/libclang_rt.builtins-arm-android.a -l:libunwind.a -ldl -lc /Users/alejandroherrera/Library/Android/sdk/ndk/26.3.11579264/toolchains/llvm/prebuilt/darwin-x86_64/lib/clang/17/lib/linux/libclang_rt.builtins-arm-android.a -l:libunwind.a -ldl /Users/alejandroherrera/Library/Android/sdk/ndk/26.3.11579264/toolchains/llvm/prebuilt/darwin-x86_64/sysroot/usr/lib/arm-linux-androideabi/21/crtend_android.o
ld.lld: error: cannot open CMakeFiles/cmTC_90eef.dir/CMakeCCompilerABI.c.o: No such file or directory
clang: error: linker command failed with exit code 1 (use -v to see invocation)
ninja: build stopped: subcommand failed.




